<?xml version="1.0" encoding="UTF-8" ?>
<testsuite errors="1" failures="0" hostname="localhost.localdomain" name="jbookmanager.model.LibraryWriterTest" tests="1" time="4.348" timestamp="2009-03-15T15:25:09">
  <properties>
    <property name="java.runtime.name" value="IcedTea6 1.4 (suse-24.2.1-x86_64) Runtime Environment" />
    <property name="sun.boot.library.path" value="/usr/lib64/jvm/java-1.6.0-openjdk-1.6.0/jre/lib/amd64" />
    <property name="java.vm.version" value="14.0-b08" />
    <property name="java.vm.vendor" value="Sun Microsystems Inc." />
    <property name="java.vendor.url" value="http://java.sun.com/" />
    <property name="path.separator" value=":" />
    <property name="java.vm.name" value="OpenJDK 64-Bit Server VM" />
    <property name="file.encoding.pkg" value="sun.io" />
    <property name="user.country" value="DE" />
    <property name="sun.java.launcher" value="SUN_STANDARD" />
    <property name="sun.os.patch.level" value="unknown" />
    <property name="java.vm.specification.name" value="Java Virtual Machine Specification" />
    <property name="user.dir" value="/home/uli/dev/jbookmanager/JBookManager" />
    <property name="java.runtime.version" value="1.6.0_0-b14" />
    <property name="java.awt.graphicsenv" value="sun.awt.X11GraphicsEnvironment" />
    <property name="java.endorsed.dirs" value="/usr/lib64/jvm/java-1.6.0-openjdk-1.6.0/jre/lib/endorsed" />
    <property name="os.arch" value="amd64" />
    <property name="java.io.tmpdir" value="/tmp" />
    <property name="line.separator" value="
" />
    <property name="java.vm.specification.vendor" value="Sun Microsystems Inc." />
    <property name="os.name" value="Linux" />
    <property name="log4j.configuration" value="log4j.properties" />
    <property name="sun.jnu.encoding" value="UTF-8" />
    <property name="java.library.path" value="/usr/lib64/jvm/java-1.6.0-openjdk-1.6.0/jre/lib/amd64/server:/usr/lib64/jvm/java-1.6.0-openjdk-1.6.0/jre/lib/amd64:/usr/lib64/jvm/java-1.6.0-openjdk-1.6.0/jre/../lib/amd64:/usr/java/packages/lib/amd64:/usr/lib64:/lib64:/lib:/usr/lib" />
    <property name="java.specification.name" value="Java Platform API Specification" />
    <property name="java.class.version" value="50.0" />
    <property name="sun.management.compiler" value="HotSpot 64-Bit Server Compiler" />
    <property name="os.version" value="2.6.27.19-3.2-default" />
    <property name="user.home" value="/home/uli" />
    <property name="user.timezone" value="" />
    <property name="user.zoneinfo.dir" value="/usr/share/javazi" />
    <property name="java.awt.printerjob" value="sun.print.PSPrinterJob" />
    <property name="file.encoding" value="UTF-8" />
    <property name="java.specification.version" value="1.6" />
    <property name="user.name" value="uli" />
    <property name="java.class.path" value="/usr/local/netbeans-6.5/java2/ant/patches/72080.jar:/usr/local/netbeans-6.5/java2/ant/patches/ant-42275.jar:/usr/local/netbeans-6.5/java2/ant/lib/ant.jar:/usr/local/netbeans-6.5/java2/ant/lib/ant-junit.jar:/usr/share/java/commons-logging-1.1.1.jar:/usr/share/java/commons-httpclient3.jar:/usr/share/java/commons-codec.jar:/usr/share/java/log4j.jar:/usr/share/java/xalan-j2-2.7.0.jar:/usr/share/java/xalan-j2-serializer-2.7.0.jar:/home/uli/dev/jbookmanager/JBookManager/build/classes:/home/uli/dev/jbookmanager/JBookManager/src:/usr/local/netbeans-6.5/platform9/modules/ext/junit-4.5.jar:/home/uli/dev/jbookmanager/JBookManager/build/test/classes:/home/uli/dev/jbookmanager/JBookManager/test" />
    <property name="java.vm.specification.version" value="1.0" />
    <property name="sun.arch.data.model" value="64" />
    <property name="java.home" value="/usr/lib64/jvm/java-1.6.0-openjdk-1.6.0/jre" />
    <property name="java.specification.vendor" value="Sun Microsystems Inc." />
    <property name="user.language" value="de" />
    <property name="java.vm.info" value="mixed mode" />
    <property name="java.version" value="1.6.0_0" />
    <property name="java.ext.dirs" value="/usr/lib64/jvm/java-1.6.0-openjdk-1.6.0/jre/lib/ext:/usr/java/packages/lib/ext" />
    <property name="sun.boot.class.path" value="/usr/lib64/jvm/java-1.6.0-openjdk-1.6.0/jre/lib/resources.jar:/usr/lib64/jvm/java-1.6.0-openjdk-1.6.0/jre/lib/rt.jar:/usr/lib64/jvm/java-1.6.0-openjdk-1.6.0/jre/lib/sunrsasign.jar:/usr/lib64/jvm/java-1.6.0-openjdk-1.6.0/jre/lib/jsse.jar:/usr/lib64/jvm/java-1.6.0-openjdk-1.6.0/jre/lib/jce.jar:/usr/lib64/jvm/java-1.6.0-openjdk-1.6.0/jre/lib/charsets.jar:/usr/lib64/jvm/java-1.6.0-openjdk-1.6.0/jre/lib/rhino.jar:/usr/lib64/jvm/java-1.6.0-openjdk-1.6.0/jre/classes" />
    <property name="java.vendor" value="Sun Microsystems Inc." />
    <property name="file.separator" value="/" />
    <property name="java.vendor.url.bug" value="http://java.sun.com/cgi-bin/bugreport.cgi" />
    <property name="sun.cpu.endian" value="little" />
    <property name="sun.io.unicode.encoding" value="UnicodeLittle" />
    <property name="sun.desktop" value="gnome" />
    <property name="sun.cpu.isalist" value="" />
  </properties>
  <testcase classname="jbookmanager.model.LibraryWriterTest" name="testWriteLibrary" time="4.295">
    <error type="java.lang.NullPointerException">java.lang.NullPointerException
	at org.apache.xml.serializer.ToStream.writeAttrString(ToStream.java:1922)
	at org.apache.xml.serializer.ToStream.processAttributes(ToStream.java:1902)
	at org.apache.xml.serializer.ToStream.closeStartTag(ToStream.java:2378)
	at org.apache.xml.serializer.ToStream.startElement(ToStream.java:1739)
	at org.apache.xalan.transformer.TransformerIdentityImpl.startElement(TransformerIdentityImpl.java:1072)
	at jbookmanager.model.LibraryWriter.writeLibrary(LibraryWriter.java:63)
	at jbookmanager.model.LibraryWriterTest.testWriteLibrary(LibraryWriterTest.java:68)
</error>
  </testcase>
  <system-out><![CDATA[writeLibrary
]]></system-out>
  <system-err><![CDATA[]]></system-err>
</testsuite>
